<?xml version="1.0" encoding="UTF-8"?>
<!-- Generated by org.testng.reporters.JUnitReportReporter -->
<testsuite hostname="LAPTOP-L2R9C2SL" failures="0" tests="1" name="runner.TestRunner1" time="16.739" errors="0" timestamp="2025-03-08T10:04:09 IST" skipped="0">
  <testcase classname="runner.TestRunner1" name="runScenario" time="16.739"/>
  <system-out/>
</testsuite> <!-- runner.TestRunner1 -->
