<?xml version="1.0" encoding="UTF-8"?>
<!-- Generated by org.testng.reporters.JUnitReportReporter -->
<testsuite hostname="LAPTOP-L2R9C2SL" failures="0" tests="1" name="runner.TestRunner1" time="18.402" errors="0" timestamp="2025-03-10T11:53:24 IST" skipped="0">
  <testcase classname="runner.TestRunner1" name="runScenario" time="18.402"/>
  <system-out/>
</testsuite> <!-- runner.TestRunner1 -->
